\BOOKMARK [0][-]{section*.2}{\376\377\000L\036\335\000i\000\040\000c\000a\000m\000\040\001\021\000o\000a\000n}{}% 1
\BOOKMARK [0][-]{section*.4}{\376\377\000L\036\335\000i\000\040\000c\036\243\000m\000\040\001\241\000n}{}% 2
\BOOKMARK [0][-]{section*.6}{\376\377\000M\036\345\000c\000\040\000l\036\345\000c}{}% 3
\BOOKMARK [0][-]{section*.7}{\376\377\000T\000\363\000m\000\040\000t\036\257\000t}{}% 4
\BOOKMARK [0][-]{section*.9}{\376\377\000D\000a\000n\000h\000\040\000s\000\341\000c\000h\000\040\000t\036\353\000\040\000v\000i\036\277\000t\000\040\000t\036\257\000t}{}% 5
\BOOKMARK [0][-]{section*.11}{\376\377\000D\000a\000n\000h\000\040\000m\036\345\000c\000\040\000h\000\354\000n\000h\000\040\000v\036\275}{}% 6
\BOOKMARK [0][-]{section*.12}{\376\377\000D\000a\000n\000h\000\040\000m\036\345\000c\000\040\000b\036\243\000n\000g\000\040\000b\000i\036\303\000u}{}% 7
\BOOKMARK [0][-]{section*.13}{\376\377\000M\036\337\000\040\001\021\036\247\000u}{}% 8
\BOOKMARK [0][-]{chapter.1}{\376\377\000C\001\241\000\040\000s\036\337\000\040\000l\000\375\000\040\000t\000h\000u\000y\036\277\000t}{}% 9
\BOOKMARK [1][-]{section.1.1}{\376\377\000B\000\340\000i\000\040\000t\000o\000\341\000n\000\040\036\251\000n\000\040\000d\000a\000n\000h\000\040\000h\000\363\000a\000\040\000m\000i\000c\000r\000o\000-\000d\000a\000t\000a}{chapter.1}% 10
\BOOKMARK [1][-]{section.1.2}{\376\377\000C\000\341\000c\000\040\000p\000h\001\260\001\241\000n\000g\000\040\000p\000h\000\341\000p\000\040\036\251\000n\000\040\000d\000a\000n\000h\000\040\000t\000r\000u\000y\036\301\000n\000\040\000t\000h\036\321\000n\000g\000\040\000v\000\340\000\040\000h\036\241\000n\000\040\000c\000h\036\277}{chapter.1}% 11
\BOOKMARK [2][-]{subsection.1.2.1}{\376\377\000k\000-\000a\000n\000o\000n\000y\000m\000i\000t\000y}{section.1.2}% 12
\BOOKMARK [2][-]{subsection.1.2.2}{\376\377\000l\000-\000d\000i\000v\000e\000r\000s\000i\000t\000y\000,\000\040\000t\000-\000c\000l\000o\000s\000e\000n\000e\000s\000s\000\040\000v\000\340\000\040\000g\000i\036\333\000i\000\040\000h\036\241\000n\000\040\000c\000h\000u\000n\000g}{section.1.2}% 13
\BOOKMARK [2][-]{subsection.1.2.3}{\376\377\000C\000\341\000c\000\040\000t\000i\036\301\000n\000\040\000l\036\307\000\040\000r\000\362\000\040\000r\036\311\000\040\000t\000h\036\361\000c\000\040\000t\036\277}{section.1.2}% 14
\BOOKMARK [1][-]{section.1.3}{\376\377\001\020\036\331\000\040\000t\000h\001\260\000a\000\040\000v\000\340\000\040\001\021\036\331\000\040\000t\001\260\001\241\000n\000g\000\040\000t\036\361}{chapter.1}% 15
\BOOKMARK [1][-]{section.1.4}{\376\377\000M\000\364\000\040\000h\000\354\000n\000h\000\040\000t\036\245\000n\000\040\000c\000\364\000n\000g\000\040\000v\000\340\000\040\001\021\036\313\000n\000h\000\040\000n\000g\000h\001\051\000a\000\040\000r\000\362\000\040\000r\036\311\000\040\000r\000i\000\352\000n\000g\000\040\000t\001\260}{chapter.1}% 16
\BOOKMARK [2][-]{subsection.1.4.1}{\376\377\000T\000r\000i\000\040\000t\000h\036\351\000c\000\040\000b\036\325\000\040\000t\000r\036\343}{section.1.4}% 17
\BOOKMARK [2][-]{subsection.1.4.2}{\376\377\000H\000a\000i\000\040\000k\036\313\000c\000h\000\040\000b\036\243\000n\000\040\000r\000\362\000\040\000r\036\311}{section.1.4}% 18
\BOOKMARK [1][-]{section.1.5}{\376\377\000T\000h\000u\036\255\000t\000\040\000t\000o\000\341\000n\000\040\000S\000c\000o\000r\000e\000b\000o\000a\000r\000d\000\040\000v\000\340\000\040\000S\000c\000o\000r\000e\000b\000o\000a\000r\000d\000-\000R\000H}{chapter.1}% 19
\BOOKMARK [2][-]{subsection.1.5.1}{\376\377\000T\000r\036\315\000n\000g\000\040\000s\036\321\000\040\000t\000h\000e\000o\000\040\001\021\036\331\000\040\000h\000i\036\277\000m}{section.1.5}% 20
\BOOKMARK [2][-]{subsection.1.5.2}{\376\377\000C\036\331\000n\000g\000\040\000g\036\331\000p\000\040\000t\001\260\001\241\000n\000g\000\040\000t\036\361\000\040\000r\000a\000t\000i\000n\000g\000\040\000v\000\340\000\040\000t\000h\036\335\000i\000\040\000g\000i\000a\000n}{section.1.5}% 21
\BOOKMARK [2][-]{subsection.1.5.3}{\376\377\000T\000i\000\352\000u\000\040\000c\000h\000\355\000\040\000e\000c\000c\000e\000n\000t\000r\000i\000c\000i\000t\000y}{section.1.5}% 22
\BOOKMARK [1][-]{section.1.6}{\376\377\000P\000h\000\342\000n\000\040\000t\000\355\000c\000h\000:\000\040\000c\036\247\000n\000\040\000b\000a\000o\000\040\000n\000h\000i\000\352\000u\000\040\000t\000r\000i\000\040\000t\000h\036\351\000c\000\040\000b\036\325\000\040\000t\000r\036\343\000?}{chapter.1}% 23
\BOOKMARK [1][-]{section.1.7}{\376\377\000T\000\354\000n\000h\000\040\000h\000u\036\321\000n\000g\000\040\001\021\000i\036\303\000n\000\040\000h\000\354\000n\000h\000:\000\040\000t\036\255\000p\000\040\000N\000e\000t\000f\000l\000i\000x\000\040\000P\000r\000i\000z\000e}{chapter.1}% 24
\BOOKMARK [2][-]{subsection.1.7.1}{\376\377\000K\036\277\000t\000\040\000q\000u\036\243\000\040\000g\000i\036\243\000i\000\040\036\251\000n\000\040\000d\000a\000n\000h}{section.1.7}% 25
\BOOKMARK [2][-]{subsection.1.7.2}{\376\377\000T\036\245\000n\000\040\000c\000\364\000n\000g\000\040\000t\000h\036\361\000c\000\040\000t\036\277\000\040\000b\036\261\000n\000g\000\040\000d\036\357\000\040\000l\000i\036\307\000u\000\040\000I\000M\000D\000b}{section.1.7}% 26
\BOOKMARK [2][-]{subsection.1.7.3}{\376\377\000T\000\355\000n\000h\000\040\000r\000i\000\352\000n\000g\000\040\000t\001\260\000\040\000x\000u\000\364\000i\000\040\000\050\000f\000o\000r\000w\000a\000r\000d\000\040\000p\000r\000i\000v\000a\000c\000y\000\051}{section.1.7}% 27
\BOOKMARK [1][-]{section.1.8}{\376\377\000L\000i\000\352\000n\000\040\000h\036\307\000\040\000v\036\333\000i\000\040\000a\000n\000\040\000n\000i\000n\000h\000\040\000d\000i\000\040\001\021\036\331\000n\000g}{chapter.1}% 28
\BOOKMARK [0][-]{chapter.2}{\376\377\000P\000h\000\342\000n\000\040\000t\000\355\000c\000h\000\040\000b\000\340\000i\000\040\000t\000o\000\341\000n\000\040\000v\000\340\000\040\000t\000h\000i\036\277\000t\000\040\000k\036\277\000\040\000h\036\307\000\040\000t\000h\036\321\000n\000g}{}% 29
\BOOKMARK [1][-]{section.2.1}{\376\377\000L\036\361\000a\000\040\000c\000h\036\315\000n\000\040\000t\036\255\000p\000\040\000d\036\357\000\040\000l\000i\036\307\000u}{chapter.2}% 30
\BOOKMARK [1][-]{section.2.2}{\376\377\000K\000i\036\277\000n\000\040\000t\000r\000\372\000c\000\040\000h\036\307\000\040\000t\000h\036\321\000n\000g}{chapter.2}% 31
\BOOKMARK [1][-]{section.2.3}{\376\377\000M\000\364\000\040\000h\000\354\000n\000h\000\040\000d\036\357\000\040\000l\000i\036\307\000u}{chapter.2}% 32
\BOOKMARK [1][-]{section.2.4}{\376\377\000L\000u\036\323\000n\000g\000\040\000t\036\245\000n\000\040\000c\000\364\000n\000g}{chapter.2}% 33
\BOOKMARK [0][-]{chapter.3}{\376\377\000C\000\340\000i\000\040\001\021\036\267\000t\000\040\000t\000h\000u\036\255\000t\000\040\000t\000o\000\341\000n\000\040\000v\000\340\000\040\000n\000\342\000n\000g\000\040\000c\036\245\000p\000\040\036\351\000n\000g\000\040\000d\036\345\000n\000g}{}% 34
\BOOKMARK [1][-]{section.3.1}{\376\377\000C\000\340\000i\000\040\001\021\036\267\000t\000\040\000h\000\340\000m\000\040\000c\000h\000o\000\040\001\021\000i\036\303\000m}{chapter.3}% 35
\BOOKMARK [1][-]{section.3.2}{\376\377\000C\000\340\000i\000\040\001\021\036\267\000t\000\040\000t\000i\000\352\000u\000\040\000c\000h\000\355\000\040\000e\000c\000c\000e\000n\000t\000r\000i\000c\000i\000t\000y}{chapter.3}% 36
\BOOKMARK [1][-]{section.3.3}{\376\377\000C\000\341\000c\000\040\000n\000\342\000n\000g\000\040\000c\036\245\000p\000\040\000s\000o\000\040\000v\036\333\000i\000\040\000b\036\243\000n\000\040\000d\000e\000m\000o\000\040\000b\000a\000n\000\040\001\021\036\247\000u}{chapter.3}% 37
\BOOKMARK [2][-]{subsection.3.3.1}{\376\377\000S\036\355\000a\000\040\000h\000\340\000m\000\040\000c\000h\000o\000\040\001\021\000i\036\303\000m\000\040\000c\000h\000o\000\040\001\021\000\372\000n\000g\000\040\000c\000\364\000n\000g\000\040\000t\000h\036\351\000c\000\040\000g\036\321\000c}{section.3.3}% 38
\BOOKMARK [2][-]{subsection.3.3.2}{\376\377\000B\036\325\000\040\000s\000u\000n\000g\000\040\000c\000h\036\277\000\040\001\021\036\331\000\040\000`\000`\000k\000h\000\364\000n\000g\000\040\000d\000\371\000n\000g\000\040\000n\000g\000\340\000y\000'\000'}{section.3.3}% 39
\BOOKMARK [2][-]{subsection.3.3.3}{\376\377\000P\000h\001\241\000i\000\040\000b\000\340\000y\000\040\000t\000r\036\315\000n\000g\000\040\000s\036\321\000\040\001\021\036\331\000\040\000h\000i\036\277\000m\000\040\000t\000r\000\352\000n\000\040\000g\000i\000a\000o\000\040\000d\000i\036\307\000n}{section.3.3}% 40
\BOOKMARK [2][-]{subsection.3.3.4}{\376\377\000S\000i\000n\000h\000\040\000n\036\241\000n\000\040\000n\000h\000\342\000n\000\040\000t\000h\036\255\000t\000\040\000v\000\340\000\040\000m\000\364\000\040\000p\000h\036\317\000n\000g\000\040\000n\000h\000i\036\305\000u}{section.3.3}% 41
\BOOKMARK [2][-]{subsection.3.3.5}{\376\377\000M\000o\000d\000u\000l\000e\000\040\000t\000h\036\361\000c\000\040\000n\000g\000h\000i\036\307\000m\000\040\001\021\036\313\000n\000h\000\040\000l\001\260\036\343\000n\000g}{section.3.3}% 42
\BOOKMARK [1][-]{section.3.4}{\376\377\000C\000\364\000n\000g\000\040\000n\000g\000h\036\307\000\040\000v\000\340\000\040\000m\000\364\000i\000\040\000t\000r\001\260\036\335\000n\000g}{chapter.3}% 43
\BOOKMARK [0][-]{chapter.4}{\376\377\000T\000h\036\361\000c\000\040\000n\000g\000h\000i\036\307\000m\000\040\000v\000\340\000\040\000k\036\277\000t\000\040\000q\000u\036\243}{}% 44
\BOOKMARK [1][-]{section.4.1}{\376\377\000M\000\364\000i\000\040\000t\000r\001\260\036\335\000n\000g\000\040\000t\000h\036\361\000c\000\040\000n\000g\000h\000i\036\307\000m}{chapter.4}% 45
\BOOKMARK [1][-]{section.4.2}{\376\377\000M\036\331\000t\000\040\000p\000h\000i\000\352\000n\000\040\000t\036\245\000n\000\040\000c\000\364\000n\000g\000\040\000q\000u\000a\000\040\000g\000i\000a\000o\000\040\000d\000i\036\307\000n}{chapter.4}% 46
\BOOKMARK [2][-]{subsection.4.2.1}{\376\377\000T\036\325\000n\000g\000\040\000q\000u\000a\000n\000\040\000h\036\307\000\040\000t\000h\036\321\000n\000g}{section.4.2}% 47
\BOOKMARK [2][-]{subsection.4.2.2}{\376\377\000N\036\241\000p\000\040\000t\000r\000i\000\040\000t\000h\036\351\000c\000\040\000b\036\325\000\040\000t\000r\036\343}{section.4.2}% 48
\BOOKMARK [2][-]{subsection.4.2.3}{\376\377\000K\036\277\000t\000\040\000q\000u\036\243\000\040\001\021\036\313\000n\000h\000\040\000d\000a\000n\000h}{section.4.2}% 49
\BOOKMARK [2][-]{subsection.4.2.4}{\376\377\000T\000\355\000n\000h\000\040\000b\036\301\000n\000\040\000v\036\357\000n\000g\000\040\000t\000r\001\260\036\333\000c\000\040\000t\000h\000\364\000n\000g\000\040\000t\000i\000n\000\040\000n\000h\000i\036\305\000u}{section.4.2}% 50
\BOOKMARK [1][-]{section.4.3}{\376\377\000K\000i\036\303\000m\000\040\000c\000h\036\351\000n\000g\000\040\000t\000r\000\352\000n\000\040\000d\000\362\000n\000g\000\040\000l\036\307\000n\000h}{chapter.4}% 51
\BOOKMARK [1][-]{section.4.4}{\376\377\000K\036\277\000t\000\040\000q\000u\036\243\000\040\001\021\036\313\000n\000h\000\040\000l\001\260\036\343\000n\000g}{chapter.4}% 52
\BOOKMARK [1][-]{section.4.5}{\376\377\000P\000h\000\342\000n\000\040\000t\000\355\000c\000h\000\040\000k\036\277\000t\000\040\000q\000u\036\243}{chapter.4}% 53
\BOOKMARK [1][-]{section.4.6}{\376\377\000T\000\354\000n\000h\000\040\000h\000u\036\321\000n\000g\000\040\000t\000h\036\245\000t\000\040\000b\036\241\000i\000\040\000v\000\340\000\040\000\375\000\040\000n\000g\000h\001\051\000a\000\040\000c\036\347\000a\000\040\000n\000g\001\260\036\341\000n\000g}{chapter.4}% 54
\BOOKMARK [0][-]{chapter.5}{\376\377\000T\000h\036\243\000o\000\040\000l\000u\036\255\000n\000,\000\040\000p\000h\000\362\000n\000g\000\040\000v\036\307\000\040\000v\000\340\000\040\000k\036\277\000t\000\040\000l\000u\036\255\000n}{}% 55
\BOOKMARK [1][-]{section.5.1}{\376\377\000\335\000\040\000n\000g\000h\001\051\000a\000\040\000v\036\301\000\040\000q\000u\000y\036\301\000n\000\040\000r\000i\000\352\000n\000g\000\040\000t\001\260}{chapter.5}% 56
\BOOKMARK [1][-]{section.5.2}{\376\377\000C\000\341\000c\000\040\000b\000i\036\307\000n\000\040\000p\000h\000\341\000p\000\040\000p\000h\000\362\000n\000g\000\040\000v\036\307}{chapter.5}% 57
\BOOKMARK [2][-]{subsection.5.2.1}{\376\377\000V\000\354\000\040\000s\000a\000o\000\040\000k\000-\000a\000n\000o\000n\000y\000m\000i\000t\000y\000\040\000k\000h\000\364\000n\000g\000\040\001\021\036\347}{section.5.2}% 58
\BOOKMARK [2][-]{subsection.5.2.2}{\376\377\000R\000i\000\352\000n\000g\000\040\000t\001\260\000\040\000v\000i\000\040\000p\000h\000\342\000n\000\040\000\050\000D\000i\000f\000f\000e\000r\000e\000n\000t\000i\000a\000l\000\040\000P\000r\000i\000v\000a\000c\000y\000\051}{section.5.2}% 59
\BOOKMARK [2][-]{subsection.5.2.3}{\376\377\000C\000\341\000c\000\040\000b\000i\036\307\000n\000\040\000p\000h\000\341\000p\000\040\000t\000h\036\361\000c\000\040\000t\000i\036\305\000n\000\040\000k\000h\000\341\000c}{section.5.2}% 60
\BOOKMARK [1][-]{section.5.3}{\376\377\000H\036\241\000n\000\040\000c\000h\036\277\000\040\000c\036\347\000a\000\040\000n\000g\000h\000i\000\352\000n\000\040\000c\036\351\000u}{chapter.5}% 61
\BOOKMARK [1][-]{section.5.4}{\376\377\000K\036\277\000t\000\040\000l\000u\036\255\000n}{chapter.5}% 62
\BOOKMARK [0][-]{section*.30}{\376\377\000T\000\300\000I\000\040\000L\000I\036\306\000U\000\040\000T\000H\000A\000M\000\040\000K\000H\036\242\000O}{}% 63
\BOOKMARK [0][-]{section*.32}{\376\377\000P\000H\036\344\000\040\000L\036\344\000C}{}% 64
